mode: set
financial-data-aggregator-backend/cmd/api/main.go:15.13,26.16 8 0
financial-data-aggregator-backend/cmd/api/main.go:26.16,28.3 1 0
financial-data-aggregator-backend/cmd/api/main.go:30.2,33.16 3 0
financial-data-aggregator-backend/cmd/api/main.go:33.16,35.3 1 0
financial-data-aggregator-backend/cmd/api/main.go:37.2,39.19 2 0
financial-data-aggregator-backend/internal/config/config.go:27.37,30.2 1 1
financial-data-aggregator-backend/internal/config/config.go:32.49,34.2 1 1
financial-data-aggregator-backend/internal/config/config.go:36.27,55.2 3 1
financial-data-aggregator-backend/internal/handlers/handlers.go:18.66,41.2 12 0
financial-data-aggregator-backend/internal/handlers/handlers.go:41.2,43.3 2 0
financial-data-aggregator-backend/internal/handlers/handlers.go:43.3,46.4 2 0
financial-data-aggregator-backend/internal/handlers/handlers.go:48.3,49.3 2 0
financial-data-aggregator-backend/internal/handlers/handlers.go:49.3,53.4 3 0
financial-data-aggregator-backend/internal/handlers/handlers.go:53.4,56.5 2 0
financial-data-aggregator-backend/internal/handlers/handlers.go:59.3,60.3 2 0
financial-data-aggregator-backend/internal/handlers/handlers.go:60.3,62.4 1 0
financial-data-aggregator-backend/internal/handlers/auth/auth.go:32.59,36.2 1 0
financial-data-aggregator-backend/internal/handlers/auth/auth.go:38.46,41.51 2 0
financial-data-aggregator-backend/internal/handlers/auth/auth.go:41.51,44.3 2 0
financial-data-aggregator-backend/internal/handlers/auth/auth.go:46.2,47.16 2 0
financial-data-aggregator-backend/internal/handlers/auth/auth.go:47.16,50.3 2 0
financial-data-aggregator-backend/internal/handlers/auth/auth.go:52.2,52.51 1 0
financial-data-aggregator-backend/internal/handlers/auth/auth.go:55.43,58.51 2 0
financial-data-aggregator-backend/internal/handlers/auth/auth.go:58.51,61.3 2 0
financial-data-aggregator-backend/internal/handlers/auth/auth.go:63.2,64.16 2 0
financial-data-aggregator-backend/internal/handlers/auth/auth.go:64.16,67.3 2 0
financial-data-aggregator-backend/internal/handlers/auth/auth.go:69.2,69.54 1 0
financial-data-aggregator-backend/internal/handlers/health/health.go:14.39,18.2 1 0
financial-data-aggregator-backend/internal/handlers/health/health.go:20.45,22.16 2 0
financial-data-aggregator-backend/internal/handlers/health/health.go:22.16,25.3 2 0
financial-data-aggregator-backend/internal/handlers/health/health.go:27.2,28.16 2 0
financial-data-aggregator-backend/internal/handlers/health/health.go:28.16,31.3 2 0
financial-data-aggregator-backend/internal/handlers/health/health.go:33.2,33.48 1 0
financial-data-aggregator-backend/internal/handlers/portfolio/portfolio_handler.go:20.69,22.2 1 0
financial-data-aggregator-backend/internal/handlers/portfolio/portfolio_handler.go:24.54,26.13 2 0
financial-data-aggregator-backend/internal/handlers/portfolio/portfolio_handler.go:26.13,29.3 2 0
financial-data-aggregator-backend/internal/handlers/portfolio/portfolio_handler.go:31.2,32.54 2 0
financial-data-aggregator-backend/internal/handlers/portfolio/portfolio_handler.go:32.54,35.3 2 0
financial-data-aggregator-backend/internal/handlers/portfolio/portfolio_handler.go:36.2,39.16 3 0
financial-data-aggregator-backend/internal/handlers/portfolio/portfolio_handler.go:39.16,42.3 2 0
financial-data-aggregator-backend/internal/handlers/portfolio/portfolio_handler.go:44.2,44.70 1 0
financial-data-aggregator-backend/internal/handlers/portfolio/portfolio_handler.go:47.57,49.13 2 0
financial-data-aggregator-backend/internal/handlers/portfolio/portfolio_handler.go:49.13,52.3 2 0
financial-data-aggregator-backend/internal/handlers/portfolio/portfolio_handler.go:54.2,58.16 4 0
financial-data-aggregator-backend/internal/handlers/portfolio/portfolio_handler.go:58.16,61.3 2 0
financial-data-aggregator-backend/internal/handlers/portfolio/portfolio_handler.go:63.2,63.74 1 0
financial-data-aggregator-backend/internal/handlers/user/user_handler.go:15.60,19.2 1 0
financial-data-aggregator-backend/internal/handlers/user/user_handler.go:21.48,23.13 2 0
financial-data-aggregator-backend/internal/handlers/user/user_handler.go:23.13,26.3 2 0
financial-data-aggregator-backend/internal/handlers/user/user_handler.go:28.2,31.16 3 0
financial-data-aggregator-backend/internal/handlers/user/user_handler.go:31.16,33.3 1 0
financial-data-aggregator-backend/internal/handlers/user/user_handler.go:35.2,35.31 1 0
financial-data-aggregator-backend/internal/middleware/auth_middleware.go:12.55,13.30 1 0
financial-data-aggregator-backend/internal/middleware/auth_middleware.go:13.30,16.23 2 0
financial-data-aggregator-backend/internal/middleware/auth_middleware.go:16.23,19.4 2 0
financial-data-aggregator-backend/internal/middleware/auth_middleware.go:21.3,23.46 2 0
financial-data-aggregator-backend/internal/middleware/auth_middleware.go:23.46,26.4 2 0
financial-data-aggregator-backend/internal/middleware/auth_middleware.go:28.3,30.80 2 0
financial-data-aggregator-backend/internal/middleware/auth_middleware.go:30.80,31.55 1 0
financial-data-aggregator-backend/internal/middleware/auth_middleware.go:31.55,33.5 1 0
financial-data-aggregator-backend/internal/middleware/auth_middleware.go:34.4,34.33 1 0
financial-data-aggregator-backend/internal/middleware/auth_middleware.go:37.3,37.33 1 0
financial-data-aggregator-backend/internal/middleware/auth_middleware.go:37.33,40.4 2 0
financial-data-aggregator-backend/internal/middleware/auth_middleware.go:42.3,43.10 2 0
financial-data-aggregator-backend/internal/middleware/auth_middleware.go:43.10,46.4 2 0
financial-data-aggregator-backend/internal/middleware/auth_middleware.go:48.3,48.47 1 0
financial-data-aggregator-backend/internal/middleware/auth_middleware.go:48.47,51.4 2 0
financial-data-aggregator-backend/internal/middleware/auth_middleware.go:51.9,54.4 2 0
financial-data-aggregator-backend/internal/repository/db_tests.go:17.46,30.16 3 0
financial-data-aggregator-backend/internal/repository/db_tests.go:30.16,32.3 1 0
financial-data-aggregator-backend/internal/repository/db_tests.go:34.2,35.16 2 0
financial-data-aggregator-backend/internal/repository/db_tests.go:35.16,37.3 1 0
financial-data-aggregator-backend/internal/repository/db_tests.go:39.2,40.16 2 0
financial-data-aggregator-backend/internal/repository/db_tests.go:40.16,42.3 1 0
financial-data-aggregator-backend/internal/repository/db_tests.go:44.2,45.16 2 0
financial-data-aggregator-backend/internal/repository/db_tests.go:45.16,47.3 1 0
financial-data-aggregator-backend/internal/repository/db_tests.go:49.2,49.20 1 0
financial-data-aggregator-backend/internal/repository/db_tests.go:49.20,50.58 1 0
financial-data-aggregator-backend/internal/repository/db_tests.go:50.58,52.4 1 0
financial-data-aggregator-backend/internal/repository/db_tests.go:55.2,55.20 1 0
financial-data-aggregator-backend/internal/repository/portfolio_repository.go:20.62,22.2 1 0
financial-data-aggregator-backend/internal/repository/portfolio_repository.go:24.73,26.2 1 0
financial-data-aggregator-backend/internal/repository/portfolio_repository.go:28.78,30.25 2 0
financial-data-aggregator-backend/internal/repository/portfolio_repository.go:30.25,32.3 1 0
financial-data-aggregator-backend/internal/repository/portfolio_repository.go:34.2,34.30 1 0
financial-data-aggregator-backend/internal/repository/portfolio_repository.go:34.30,36.3 1 0
financial-data-aggregator-backend/internal/repository/portfolio_repository.go:38.2,38.12 1 0
financial-data-aggregator-backend/internal/repository/user_repository.go:20.52,22.2 1 0
financial-data-aggregator-backend/internal/repository/user_repository.go:24.58,26.2 1 0
financial-data-aggregator-backend/internal/repository/user_repository.go:28.74,32.2 3 0
financial-data-aggregator-backend/internal/repository/user_repository.go:34.66,38.2 3 0
financial-data-aggregator-backend/internal/repository/user_repository.go:40.68,44.2 3 0
financial-data-aggregator-backend/internal/service/auth_service.go:24.80,26.2 1 0
financial-data-aggregator-backend/internal/service/auth_service.go:28.84,30.16 2 0
financial-data-aggregator-backend/internal/service/auth_service.go:30.16,32.3 1 0
financial-data-aggregator-backend/internal/service/auth_service.go:34.2,34.12 1 0
financial-data-aggregator-backend/internal/service/auth_service.go:34.12,36.3 1 0
financial-data-aggregator-backend/internal/service/auth_service.go:38.2,39.16 2 0
financial-data-aggregator-backend/internal/service/auth_service.go:39.16,41.3 1 0
financial-data-aggregator-backend/internal/service/auth_service.go:43.2,50.44 2 0
financial-data-aggregator-backend/internal/service/auth_service.go:50.44,52.3 1 0
financial-data-aggregator-backend/internal/service/auth_service.go:54.2,54.18 1 0
financial-data-aggregator-backend/internal/service/auth_service.go:57.69,59.16 2 0
financial-data-aggregator-backend/internal/service/auth_service.go:59.16,61.3 1 0
financial-data-aggregator-backend/internal/service/auth_service.go:63.2,63.99 1 0
financial-data-aggregator-backend/internal/service/auth_service.go:63.99,65.3 1 0
financial-data-aggregator-backend/internal/service/auth_service.go:70.2,76.45 3 0
financial-data-aggregator-backend/internal/service/portfolio_service.go:20.80,22.2 1 0
financial-data-aggregator-backend/internal/service/portfolio_service.go:24.81,26.16 2 0
financial-data-aggregator-backend/internal/service/portfolio_service.go:26.16,28.3 1 0
financial-data-aggregator-backend/internal/service/portfolio_service.go:30.2,37.32 2 0
financial-data-aggregator-backend/internal/service/portfolio_service.go:40.68,42.16 2 0
financial-data-aggregator-backend/internal/service/portfolio_service.go:42.16,44.3 1 0
financial-data-aggregator-backend/internal/service/portfolio_service.go:46.2,47.16 2 0
financial-data-aggregator-backend/internal/service/portfolio_service.go:47.16,49.3 1 0
financial-data-aggregator-backend/internal/service/portfolio_service.go:51.2,51.46 1 0
financial-data-aggregator-backend/internal/service/user_service.go:16.65,18.2 1 0
financial-data-aggregator-backend/internal/service/user_service.go:20.71,22.2 1 0
financial-data-aggregator-backend/cmd/api/main.go:15.13,26.16 8 0
financial-data-aggregator-backend/cmd/api/main.go:26.16,28.3 1 0
financial-data-aggregator-backend/cmd/api/main.go:30.2,33.16 3 0
financial-data-aggregator-backend/cmd/api/main.go:33.16,35.3 1 0
financial-data-aggregator-backend/cmd/api/main.go:37.2,39.19 2 0
financial-data-aggregator-backend/cmd/api/main.go:15.13,26.16 8 0
financial-data-aggregator-backend/cmd/api/main.go:26.16,28.3 1 0
financial-data-aggregator-backend/cmd/api/main.go:30.2,33.16 3 0
financial-data-aggregator-backend/cmd/api/main.go:33.16,35.3 1 0
financial-data-aggregator-backend/cmd/api/main.go:37.2,39.19 2 0
financial-data-aggregator-backend/internal/config/config.go:27.37,30.2 1 0
financial-data-aggregator-backend/internal/config/config.go:32.49,34.2 1 0
financial-data-aggregator-backend/internal/config/config.go:36.27,55.2 3 0
financial-data-aggregator-backend/internal/handlers/handlers.go:18.66,41.2 12 1
financial-data-aggregator-backend/internal/handlers/handlers.go:41.2,43.3 2 1
financial-data-aggregator-backend/internal/handlers/handlers.go:43.3,46.4 2 1
financial-data-aggregator-backend/internal/handlers/handlers.go:48.3,49.3 2 1
financial-data-aggregator-backend/internal/handlers/handlers.go:49.3,53.4 3 1
financial-data-aggregator-backend/internal/handlers/handlers.go:53.4,56.5 2 1
financial-data-aggregator-backend/internal/handlers/handlers.go:59.3,60.3 2 1
financial-data-aggregator-backend/internal/handlers/handlers.go:60.3,62.4 1 1
financial-data-aggregator-backend/internal/handlers/auth/auth.go:32.59,36.2 1 1
financial-data-aggregator-backend/internal/handlers/auth/auth.go:38.46,41.51 2 0
financial-data-aggregator-backend/internal/handlers/auth/auth.go:41.51,44.3 2 0
financial-data-aggregator-backend/internal/handlers/auth/auth.go:46.2,47.16 2 0
financial-data-aggregator-backend/internal/handlers/auth/auth.go:47.16,50.3 2 0
financial-data-aggregator-backend/internal/handlers/auth/auth.go:52.2,52.51 1 0
financial-data-aggregator-backend/internal/handlers/auth/auth.go:55.43,58.51 2 0
financial-data-aggregator-backend/internal/handlers/auth/auth.go:58.51,61.3 2 0
financial-data-aggregator-backend/internal/handlers/auth/auth.go:63.2,64.16 2 0
financial-data-aggregator-backend/internal/handlers/auth/auth.go:64.16,67.3 2 0
financial-data-aggregator-backend/internal/handlers/auth/auth.go:69.2,69.54 1 0
financial-data-aggregator-backend/internal/handlers/health/health.go:14.39,18.2 1 1
financial-data-aggregator-backend/internal/handlers/health/health.go:20.45,22.16 2 0
financial-data-aggregator-backend/internal/handlers/health/health.go:22.16,25.3 2 0
financial-data-aggregator-backend/internal/handlers/health/health.go:27.2,28.16 2 0
financial-data-aggregator-backend/internal/handlers/health/health.go:28.16,31.3 2 0
financial-data-aggregator-backend/internal/handlers/health/health.go:33.2,33.48 1 0
financial-data-aggregator-backend/internal/handlers/portfolio/portfolio_handler.go:20.69,22.2 1 1
financial-data-aggregator-backend/internal/handlers/portfolio/portfolio_handler.go:24.54,26.13 2 0
financial-data-aggregator-backend/internal/handlers/portfolio/portfolio_handler.go:26.13,29.3 2 0
financial-data-aggregator-backend/internal/handlers/portfolio/portfolio_handler.go:31.2,32.54 2 0
financial-data-aggregator-backend/internal/handlers/portfolio/portfolio_handler.go:32.54,35.3 2 0
financial-data-aggregator-backend/internal/handlers/portfolio/portfolio_handler.go:36.2,39.16 3 0
financial-data-aggregator-backend/internal/handlers/portfolio/portfolio_handler.go:39.16,42.3 2 0
financial-data-aggregator-backend/internal/handlers/portfolio/portfolio_handler.go:44.2,44.70 1 0
financial-data-aggregator-backend/internal/handlers/portfolio/portfolio_handler.go:47.57,49.13 2 0
financial-data-aggregator-backend/internal/handlers/portfolio/portfolio_handler.go:49.13,52.3 2 0
financial-data-aggregator-backend/internal/handlers/portfolio/portfolio_handler.go:54.2,58.16 4 0
financial-data-aggregator-backend/internal/handlers/portfolio/portfolio_handler.go:58.16,61.3 2 0
financial-data-aggregator-backend/internal/handlers/portfolio/portfolio_handler.go:63.2,63.74 1 0
financial-data-aggregator-backend/internal/handlers/user/user_handler.go:15.60,19.2 1 1
financial-data-aggregator-backend/internal/handlers/user/user_handler.go:21.48,23.13 2 0
financial-data-aggregator-backend/internal/handlers/user/user_handler.go:23.13,26.3 2 0
financial-data-aggregator-backend/internal/handlers/user/user_handler.go:28.2,31.16 3 0
financial-data-aggregator-backend/internal/handlers/user/user_handler.go:31.16,33.3 1 0
financial-data-aggregator-backend/internal/handlers/user/user_handler.go:35.2,35.31 1 0
financial-data-aggregator-backend/internal/middleware/auth_middleware.go:12.55,13.30 1 1
financial-data-aggregator-backend/internal/middleware/auth_middleware.go:13.30,16.23 2 0
financial-data-aggregator-backend/internal/middleware/auth_middleware.go:16.23,19.4 2 0
financial-data-aggregator-backend/internal/middleware/auth_middleware.go:21.3,23.46 2 0
financial-data-aggregator-backend/internal/middleware/auth_middleware.go:23.46,26.4 2 0
financial-data-aggregator-backend/internal/middleware/auth_middleware.go:28.3,30.80 2 0
financial-data-aggregator-backend/internal/middleware/auth_middleware.go:30.80,31.55 1 0
financial-data-aggregator-backend/internal/middleware/auth_middleware.go:31.55,33.5 1 0
financial-data-aggregator-backend/internal/middleware/auth_middleware.go:34.4,34.33 1 0
financial-data-aggregator-backend/internal/middleware/auth_middleware.go:37.3,37.33 1 0
financial-data-aggregator-backend/internal/middleware/auth_middleware.go:37.33,40.4 2 0
financial-data-aggregator-backend/internal/middleware/auth_middleware.go:42.3,43.10 2 0
financial-data-aggregator-backend/internal/middleware/auth_middleware.go:43.10,46.4 2 0
financial-data-aggregator-backend/internal/middleware/auth_middleware.go:48.3,48.47 1 0
financial-data-aggregator-backend/internal/middleware/auth_middleware.go:48.47,51.4 2 0
financial-data-aggregator-backend/internal/middleware/auth_middleware.go:51.9,54.4 2 0
financial-data-aggregator-backend/internal/repository/db_tests.go:17.46,30.16 3 0
financial-data-aggregator-backend/internal/repository/db_tests.go:30.16,32.3 1 0
financial-data-aggregator-backend/internal/repository/db_tests.go:34.2,35.16 2 0
financial-data-aggregator-backend/internal/repository/db_tests.go:35.16,37.3 1 0
financial-data-aggregator-backend/internal/repository/db_tests.go:39.2,40.16 2 0
financial-data-aggregator-backend/internal/repository/db_tests.go:40.16,42.3 1 0
financial-data-aggregator-backend/internal/repository/db_tests.go:44.2,45.16 2 0
financial-data-aggregator-backend/internal/repository/db_tests.go:45.16,47.3 1 0
financial-data-aggregator-backend/internal/repository/db_tests.go:49.2,49.20 1 0
financial-data-aggregator-backend/internal/repository/db_tests.go:49.20,50.58 1 0
financial-data-aggregator-backend/internal/repository/db_tests.go:50.58,52.4 1 0
financial-data-aggregator-backend/internal/repository/db_tests.go:55.2,55.20 1 0
financial-data-aggregator-backend/internal/repository/portfolio_repository.go:20.62,22.2 1 1
financial-data-aggregator-backend/internal/repository/portfolio_repository.go:24.73,26.2 1 0
financial-data-aggregator-backend/internal/repository/portfolio_repository.go:28.78,30.25 2 0
financial-data-aggregator-backend/internal/repository/portfolio_repository.go:30.25,32.3 1 0
financial-data-aggregator-backend/internal/repository/portfolio_repository.go:34.2,34.30 1 0
financial-data-aggregator-backend/internal/repository/portfolio_repository.go:34.30,36.3 1 0
financial-data-aggregator-backend/internal/repository/portfolio_repository.go:38.2,38.12 1 0
financial-data-aggregator-backend/internal/repository/user_repository.go:20.52,22.2 1 1
financial-data-aggregator-backend/internal/repository/user_repository.go:24.58,26.2 1 0
financial-data-aggregator-backend/internal/repository/user_repository.go:28.74,32.2 3 0
financial-data-aggregator-backend/internal/repository/user_repository.go:34.66,38.2 3 0
financial-data-aggregator-backend/internal/repository/user_repository.go:40.68,44.2 3 0
financial-data-aggregator-backend/internal/service/auth_service.go:24.80,26.2 1 1
financial-data-aggregator-backend/internal/service/auth_service.go:28.84,30.16 2 0
financial-data-aggregator-backend/internal/service/auth_service.go:30.16,32.3 1 0
financial-data-aggregator-backend/internal/service/auth_service.go:34.2,34.12 1 0
financial-data-aggregator-backend/internal/service/auth_service.go:34.12,36.3 1 0
financial-data-aggregator-backend/internal/service/auth_service.go:38.2,39.16 2 0
financial-data-aggregator-backend/internal/service/auth_service.go:39.16,41.3 1 0
financial-data-aggregator-backend/internal/service/auth_service.go:43.2,50.44 2 0
financial-data-aggregator-backend/internal/service/auth_service.go:50.44,52.3 1 0
financial-data-aggregator-backend/internal/service/auth_service.go:54.2,54.18 1 0
financial-data-aggregator-backend/internal/service/auth_service.go:57.69,59.16 2 0
financial-data-aggregator-backend/internal/service/auth_service.go:59.16,61.3 1 0
financial-data-aggregator-backend/internal/service/auth_service.go:63.2,63.99 1 0
financial-data-aggregator-backend/internal/service/auth_service.go:63.99,65.3 1 0
financial-data-aggregator-backend/internal/service/auth_service.go:70.2,76.45 3 0
financial-data-aggregator-backend/internal/service/portfolio_service.go:20.80,22.2 1 1
financial-data-aggregator-backend/internal/service/portfolio_service.go:24.81,26.16 2 0
financial-data-aggregator-backend/internal/service/portfolio_service.go:26.16,28.3 1 0
financial-data-aggregator-backend/internal/service/portfolio_service.go:30.2,37.32 2 0
financial-data-aggregator-backend/internal/service/portfolio_service.go:40.68,42.16 2 0
financial-data-aggregator-backend/internal/service/portfolio_service.go:42.16,44.3 1 0
financial-data-aggregator-backend/internal/service/portfolio_service.go:46.2,47.16 2 0
financial-data-aggregator-backend/internal/service/portfolio_service.go:47.16,49.3 1 0
financial-data-aggregator-backend/internal/service/portfolio_service.go:51.2,51.46 1 0
financial-data-aggregator-backend/internal/service/user_service.go:16.65,18.2 1 1
financial-data-aggregator-backend/internal/service/user_service.go:20.71,22.2 1 0
financial-data-aggregator-backend/cmd/api/main.go:15.13,26.16 8 0
financial-data-aggregator-backend/cmd/api/main.go:26.16,28.3 1 0
financial-data-aggregator-backend/cmd/api/main.go:30.2,33.16 3 0
financial-data-aggregator-backend/cmd/api/main.go:33.16,35.3 1 0
financial-data-aggregator-backend/cmd/api/main.go:37.2,39.19 2 0
financial-data-aggregator-backend/internal/config/config.go:27.37,30.2 1 0
financial-data-aggregator-backend/internal/config/config.go:32.49,34.2 1 0
financial-data-aggregator-backend/internal/config/config.go:36.27,55.2 3 0
financial-data-aggregator-backend/internal/handlers/handlers.go:18.66,41.2 12 0
financial-data-aggregator-backend/internal/handlers/handlers.go:41.2,43.3 2 0
financial-data-aggregator-backend/internal/handlers/handlers.go:43.3,46.4 2 0
financial-data-aggregator-backend/internal/handlers/handlers.go:48.3,49.3 2 0
financial-data-aggregator-backend/internal/handlers/handlers.go:49.3,53.4 3 0
financial-data-aggregator-backend/internal/handlers/handlers.go:53.4,56.5 2 0
financial-data-aggregator-backend/internal/handlers/handlers.go:59.3,60.3 2 0
financial-data-aggregator-backend/internal/handlers/handlers.go:60.3,62.4 1 0
financial-data-aggregator-backend/internal/handlers/auth/auth.go:32.59,36.2 1 0
financial-data-aggregator-backend/internal/handlers/auth/auth.go:38.46,41.51 2 0
financial-data-aggregator-backend/internal/handlers/auth/auth.go:41.51,44.3 2 0
financial-data-aggregator-backend/internal/handlers/auth/auth.go:46.2,47.16 2 0
financial-data-aggregator-backend/internal/handlers/auth/auth.go:47.16,50.3 2 0
financial-data-aggregator-backend/internal/handlers/auth/auth.go:52.2,52.51 1 0
financial-data-aggregator-backend/internal/handlers/auth/auth.go:55.43,58.51 2 0
financial-data-aggregator-backend/internal/handlers/auth/auth.go:58.51,61.3 2 0
financial-data-aggregator-backend/internal/handlers/auth/auth.go:63.2,64.16 2 0
financial-data-aggregator-backend/internal/handlers/auth/auth.go:64.16,67.3 2 0
financial-data-aggregator-backend/internal/handlers/auth/auth.go:69.2,69.54 1 0
financial-data-aggregator-backend/internal/handlers/health/health.go:14.39,18.2 1 0
financial-data-aggregator-backend/internal/handlers/health/health.go:20.45,22.16 2 0
financial-data-aggregator-backend/internal/handlers/health/health.go:22.16,25.3 2 0
financial-data-aggregator-backend/internal/handlers/health/health.go:27.2,28.16 2 0
financial-data-aggregator-backend/internal/handlers/health/health.go:28.16,31.3 2 0
financial-data-aggregator-backend/internal/handlers/health/health.go:33.2,33.48 1 0
financial-data-aggregator-backend/internal/handlers/portfolio/portfolio_handler.go:20.69,22.2 1 0
financial-data-aggregator-backend/internal/handlers/portfolio/portfolio_handler.go:24.54,26.13 2 0
financial-data-aggregator-backend/internal/handlers/portfolio/portfolio_handler.go:26.13,29.3 2 0
financial-data-aggregator-backend/internal/handlers/portfolio/portfolio_handler.go:31.2,32.54 2 0
financial-data-aggregator-backend/internal/handlers/portfolio/portfolio_handler.go:32.54,35.3 2 0
financial-data-aggregator-backend/internal/handlers/portfolio/portfolio_handler.go:36.2,39.16 3 0
financial-data-aggregator-backend/internal/handlers/portfolio/portfolio_handler.go:39.16,42.3 2 0
financial-data-aggregator-backend/internal/handlers/portfolio/portfolio_handler.go:44.2,44.70 1 0
financial-data-aggregator-backend/internal/handlers/portfolio/portfolio_handler.go:47.57,49.13 2 0
financial-data-aggregator-backend/internal/handlers/portfolio/portfolio_handler.go:49.13,52.3 2 0
financial-data-aggregator-backend/internal/handlers/portfolio/portfolio_handler.go:54.2,58.16 4 0
financial-data-aggregator-backend/internal/handlers/portfolio/portfolio_handler.go:58.16,61.3 2 0
financial-data-aggregator-backend/internal/handlers/portfolio/portfolio_handler.go:63.2,63.74 1 0
financial-data-aggregator-backend/internal/handlers/user/user_handler.go:15.60,19.2 1 0
financial-data-aggregator-backend/internal/handlers/user/user_handler.go:21.48,23.13 2 0
financial-data-aggregator-backend/internal/handlers/user/user_handler.go:23.13,26.3 2 0
financial-data-aggregator-backend/internal/handlers/user/user_handler.go:28.2,31.16 3 0
financial-data-aggregator-backend/internal/handlers/user/user_handler.go:31.16,33.3 1 0
financial-data-aggregator-backend/internal/handlers/user/user_handler.go:35.2,35.31 1 0
financial-data-aggregator-backend/internal/middleware/auth_middleware.go:12.55,13.30 1 1
financial-data-aggregator-backend/internal/middleware/auth_middleware.go:13.30,16.23 2 1
financial-data-aggregator-backend/internal/middleware/auth_middleware.go:16.23,19.4 2 1
financial-data-aggregator-backend/internal/middleware/auth_middleware.go:21.3,23.46 2 1
financial-data-aggregator-backend/internal/middleware/auth_middleware.go:23.46,26.4 2 1
financial-data-aggregator-backend/internal/middleware/auth_middleware.go:28.3,30.80 2 1
financial-data-aggregator-backend/internal/middleware/auth_middleware.go:30.80,31.55 1 1
financial-data-aggregator-backend/internal/middleware/auth_middleware.go:31.55,33.5 1 0
financial-data-aggregator-backend/internal/middleware/auth_middleware.go:34.4,34.33 1 1
financial-data-aggregator-backend/internal/middleware/auth_middleware.go:37.3,37.33 1 1
financial-data-aggregator-backend/internal/middleware/auth_middleware.go:37.33,40.4 2 1
financial-data-aggregator-backend/internal/middleware/auth_middleware.go:42.3,43.10 2 1
financial-data-aggregator-backend/internal/middleware/auth_middleware.go:43.10,46.4 2 0
financial-data-aggregator-backend/internal/middleware/auth_middleware.go:48.3,48.47 1 1
financial-data-aggregator-backend/internal/middleware/auth_middleware.go:48.47,51.4 2 1
financial-data-aggregator-backend/internal/middleware/auth_middleware.go:51.9,54.4 2 0
financial-data-aggregator-backend/internal/repository/db_tests.go:17.46,30.16 3 0
financial-data-aggregator-backend/internal/repository/db_tests.go:30.16,32.3 1 0
financial-data-aggregator-backend/internal/repository/db_tests.go:34.2,35.16 2 0
financial-data-aggregator-backend/internal/repository/db_tests.go:35.16,37.3 1 0
financial-data-aggregator-backend/internal/repository/db_tests.go:39.2,40.16 2 0
financial-data-aggregator-backend/internal/repository/db_tests.go:40.16,42.3 1 0
financial-data-aggregator-backend/internal/repository/db_tests.go:44.2,45.16 2 0
financial-data-aggregator-backend/internal/repository/db_tests.go:45.16,47.3 1 0
financial-data-aggregator-backend/internal/repository/db_tests.go:49.2,49.20 1 0
financial-data-aggregator-backend/internal/repository/db_tests.go:49.20,50.58 1 0
financial-data-aggregator-backend/internal/repository/db_tests.go:50.58,52.4 1 0
financial-data-aggregator-backend/internal/repository/db_tests.go:55.2,55.20 1 0
financial-data-aggregator-backend/internal/repository/portfolio_repository.go:20.62,22.2 1 0
financial-data-aggregator-backend/internal/repository/portfolio_repository.go:24.73,26.2 1 0
financial-data-aggregator-backend/internal/repository/portfolio_repository.go:28.78,30.25 2 0
financial-data-aggregator-backend/internal/repository/portfolio_repository.go:30.25,32.3 1 0
financial-data-aggregator-backend/internal/repository/portfolio_repository.go:34.2,34.30 1 0
financial-data-aggregator-backend/internal/repository/portfolio_repository.go:34.30,36.3 1 0
financial-data-aggregator-backend/internal/repository/portfolio_repository.go:38.2,38.12 1 0
financial-data-aggregator-backend/internal/repository/user_repository.go:20.52,22.2 1 0
financial-data-aggregator-backend/internal/repository/user_repository.go:24.58,26.2 1 0
financial-data-aggregator-backend/internal/repository/user_repository.go:28.74,32.2 3 0
financial-data-aggregator-backend/internal/repository/user_repository.go:34.66,38.2 3 0
financial-data-aggregator-backend/internal/repository/user_repository.go:40.68,44.2 3 0
financial-data-aggregator-backend/internal/service/auth_service.go:24.80,26.2 1 0
financial-data-aggregator-backend/internal/service/auth_service.go:28.84,30.16 2 0
financial-data-aggregator-backend/internal/service/auth_service.go:30.16,32.3 1 0
financial-data-aggregator-backend/internal/service/auth_service.go:34.2,34.12 1 0
financial-data-aggregator-backend/internal/service/auth_service.go:34.12,36.3 1 0
financial-data-aggregator-backend/internal/service/auth_service.go:38.2,39.16 2 0
financial-data-aggregator-backend/internal/service/auth_service.go:39.16,41.3 1 0
financial-data-aggregator-backend/internal/service/auth_service.go:43.2,50.44 2 0
financial-data-aggregator-backend/internal/service/auth_service.go:50.44,52.3 1 0
financial-data-aggregator-backend/internal/service/auth_service.go:54.2,54.18 1 0
financial-data-aggregator-backend/internal/service/auth_service.go:57.69,59.16 2 0
financial-data-aggregator-backend/internal/service/auth_service.go:59.16,61.3 1 0
financial-data-aggregator-backend/internal/service/auth_service.go:63.2,63.99 1 0
financial-data-aggregator-backend/internal/service/auth_service.go:63.99,65.3 1 0
financial-data-aggregator-backend/internal/service/auth_service.go:70.2,76.45 3 0
financial-data-aggregator-backend/internal/service/portfolio_service.go:20.80,22.2 1 0
financial-data-aggregator-backend/internal/service/portfolio_service.go:24.81,26.16 2 0
financial-data-aggregator-backend/internal/service/portfolio_service.go:26.16,28.3 1 0
financial-data-aggregator-backend/internal/service/portfolio_service.go:30.2,37.32 2 0
financial-data-aggregator-backend/internal/service/portfolio_service.go:40.68,42.16 2 0
financial-data-aggregator-backend/internal/service/portfolio_service.go:42.16,44.3 1 0
financial-data-aggregator-backend/internal/service/portfolio_service.go:46.2,47.16 2 0
financial-data-aggregator-backend/internal/service/portfolio_service.go:47.16,49.3 1 0
financial-data-aggregator-backend/internal/service/portfolio_service.go:51.2,51.46 1 0
financial-data-aggregator-backend/internal/service/user_service.go:16.65,18.2 1 0
financial-data-aggregator-backend/internal/service/user_service.go:20.71,22.2 1 0
financial-data-aggregator-backend/cmd/api/main.go:15.13,26.16 8 0
financial-data-aggregator-backend/cmd/api/main.go:26.16,28.3 1 0
financial-data-aggregator-backend/cmd/api/main.go:30.2,33.16 3 0
financial-data-aggregator-backend/cmd/api/main.go:33.16,35.3 1 0
financial-data-aggregator-backend/cmd/api/main.go:37.2,39.19 2 0
financial-data-aggregator-backend/internal/config/config.go:27.37,30.2 1 0
financial-data-aggregator-backend/internal/config/config.go:32.49,34.2 1 0
financial-data-aggregator-backend/internal/config/config.go:36.27,55.2 3 0
financial-data-aggregator-backend/internal/handlers/handlers.go:18.66,41.2 12 0
financial-data-aggregator-backend/internal/handlers/handlers.go:41.2,43.3 2 0
financial-data-aggregator-backend/internal/handlers/handlers.go:43.3,46.4 2 0
financial-data-aggregator-backend/internal/handlers/handlers.go:48.3,49.3 2 0
financial-data-aggregator-backend/internal/handlers/handlers.go:49.3,53.4 3 0
financial-data-aggregator-backend/internal/handlers/handlers.go:53.4,56.5 2 0
financial-data-aggregator-backend/internal/handlers/handlers.go:59.3,60.3 2 0
financial-data-aggregator-backend/internal/handlers/handlers.go:60.3,62.4 1 0
financial-data-aggregator-backend/internal/handlers/auth/auth.go:32.59,36.2 1 0
financial-data-aggregator-backend/internal/handlers/auth/auth.go:38.46,41.51 2 0
financial-data-aggregator-backend/internal/handlers/auth/auth.go:41.51,44.3 2 0
financial-data-aggregator-backend/internal/handlers/auth/auth.go:46.2,47.16 2 0
financial-data-aggregator-backend/internal/handlers/auth/auth.go:47.16,50.3 2 0
financial-data-aggregator-backend/internal/handlers/auth/auth.go:52.2,52.51 1 0
financial-data-aggregator-backend/internal/handlers/auth/auth.go:55.43,58.51 2 0
financial-data-aggregator-backend/internal/handlers/auth/auth.go:58.51,61.3 2 0
financial-data-aggregator-backend/internal/handlers/auth/auth.go:63.2,64.16 2 0
financial-data-aggregator-backend/internal/handlers/auth/auth.go:64.16,67.3 2 0
financial-data-aggregator-backend/internal/handlers/auth/auth.go:69.2,69.54 1 0
financial-data-aggregator-backend/internal/handlers/health/health.go:14.39,18.2 1 0
financial-data-aggregator-backend/internal/handlers/health/health.go:20.45,22.16 2 0
financial-data-aggregator-backend/internal/handlers/health/health.go:22.16,25.3 2 0
financial-data-aggregator-backend/internal/handlers/health/health.go:27.2,28.16 2 0
financial-data-aggregator-backend/internal/handlers/health/health.go:28.16,31.3 2 0
financial-data-aggregator-backend/internal/handlers/health/health.go:33.2,33.48 1 0
financial-data-aggregator-backend/internal/handlers/portfolio/portfolio_handler.go:20.69,22.2 1 0
financial-data-aggregator-backend/internal/handlers/portfolio/portfolio_handler.go:24.54,26.13 2 0
financial-data-aggregator-backend/internal/handlers/portfolio/portfolio_handler.go:26.13,29.3 2 0
financial-data-aggregator-backend/internal/handlers/portfolio/portfolio_handler.go:31.2,32.54 2 0
financial-data-aggregator-backend/internal/handlers/portfolio/portfolio_handler.go:32.54,35.3 2 0
financial-data-aggregator-backend/internal/handlers/portfolio/portfolio_handler.go:36.2,39.16 3 0
financial-data-aggregator-backend/internal/handlers/portfolio/portfolio_handler.go:39.16,42.3 2 0
financial-data-aggregator-backend/internal/handlers/portfolio/portfolio_handler.go:44.2,44.70 1 0
financial-data-aggregator-backend/internal/handlers/portfolio/portfolio_handler.go:47.57,49.13 2 0
financial-data-aggregator-backend/internal/handlers/portfolio/portfolio_handler.go:49.13,52.3 2 0
financial-data-aggregator-backend/internal/handlers/portfolio/portfolio_handler.go:54.2,58.16 4 0
financial-data-aggregator-backend/internal/handlers/portfolio/portfolio_handler.go:58.16,61.3 2 0
financial-data-aggregator-backend/internal/handlers/portfolio/portfolio_handler.go:63.2,63.74 1 0
financial-data-aggregator-backend/internal/handlers/user/user_handler.go:15.60,19.2 1 1
financial-data-aggregator-backend/internal/handlers/user/user_handler.go:21.48,23.13 2 1
financial-data-aggregator-backend/internal/handlers/user/user_handler.go:23.13,26.3 2 0
financial-data-aggregator-backend/internal/handlers/user/user_handler.go:28.2,31.16 3 1
financial-data-aggregator-backend/internal/handlers/user/user_handler.go:31.16,33.3 1 0
financial-data-aggregator-backend/internal/handlers/user/user_handler.go:35.2,35.31 1 1
financial-data-aggregator-backend/internal/middleware/auth_middleware.go:12.55,13.30 1 0
financial-data-aggregator-backend/internal/middleware/auth_middleware.go:13.30,16.23 2 0
financial-data-aggregator-backend/internal/middleware/auth_middleware.go:16.23,19.4 2 0
financial-data-aggregator-backend/internal/middleware/auth_middleware.go:21.3,23.46 2 0
financial-data-aggregator-backend/internal/middleware/auth_middleware.go:23.46,26.4 2 0
financial-data-aggregator-backend/internal/middleware/auth_middleware.go:28.3,30.80 2 0
financial-data-aggregator-backend/internal/middleware/auth_middleware.go:30.80,31.55 1 0
financial-data-aggregator-backend/internal/middleware/auth_middleware.go:31.55,33.5 1 0
financial-data-aggregator-backend/internal/middleware/auth_middleware.go:34.4,34.33 1 0
financial-data-aggregator-backend/internal/middleware/auth_middleware.go:37.3,37.33 1 0
financial-data-aggregator-backend/internal/middleware/auth_middleware.go:37.33,40.4 2 0
financial-data-aggregator-backend/internal/middleware/auth_middleware.go:42.3,43.10 2 0
financial-data-aggregator-backend/internal/middleware/auth_middleware.go:43.10,46.4 2 0
financial-data-aggregator-backend/internal/middleware/auth_middleware.go:48.3,48.47 1 0
financial-data-aggregator-backend/internal/middleware/auth_middleware.go:48.47,51.4 2 0
financial-data-aggregator-backend/internal/middleware/auth_middleware.go:51.9,54.4 2 0
financial-data-aggregator-backend/internal/repository/db_tests.go:17.46,30.16 3 0
financial-data-aggregator-backend/internal/repository/db_tests.go:30.16,32.3 1 0
financial-data-aggregator-backend/internal/repository/db_tests.go:34.2,35.16 2 0
financial-data-aggregator-backend/internal/repository/db_tests.go:35.16,37.3 1 0
financial-data-aggregator-backend/internal/repository/db_tests.go:39.2,40.16 2 0
financial-data-aggregator-backend/internal/repository/db_tests.go:40.16,42.3 1 0
financial-data-aggregator-backend/internal/repository/db_tests.go:44.2,45.16 2 0
financial-data-aggregator-backend/internal/repository/db_tests.go:45.16,47.3 1 0
financial-data-aggregator-backend/internal/repository/db_tests.go:49.2,49.20 1 0
financial-data-aggregator-backend/internal/repository/db_tests.go:49.20,50.58 1 0
financial-data-aggregator-backend/internal/repository/db_tests.go:50.58,52.4 1 0
financial-data-aggregator-backend/internal/repository/db_tests.go:55.2,55.20 1 0
financial-data-aggregator-backend/internal/repository/portfolio_repository.go:20.62,22.2 1 0
financial-data-aggregator-backend/internal/repository/portfolio_repository.go:24.73,26.2 1 0
financial-data-aggregator-backend/internal/repository/portfolio_repository.go:28.78,30.25 2 0
financial-data-aggregator-backend/internal/repository/portfolio_repository.go:30.25,32.3 1 0
financial-data-aggregator-backend/internal/repository/portfolio_repository.go:34.2,34.30 1 0
financial-data-aggregator-backend/internal/repository/portfolio_repository.go:34.30,36.3 1 0
financial-data-aggregator-backend/internal/repository/portfolio_repository.go:38.2,38.12 1 0
financial-data-aggregator-backend/internal/repository/user_repository.go:20.52,22.2 1 0
financial-data-aggregator-backend/internal/repository/user_repository.go:24.58,26.2 1 0
financial-data-aggregator-backend/internal/repository/user_repository.go:28.74,32.2 3 0
financial-data-aggregator-backend/internal/repository/user_repository.go:34.66,38.2 3 0
financial-data-aggregator-backend/internal/repository/user_repository.go:40.68,44.2 3 0
financial-data-aggregator-backend/internal/service/auth_service.go:24.80,26.2 1 0
financial-data-aggregator-backend/internal/service/auth_service.go:28.84,30.16 2 0
financial-data-aggregator-backend/internal/service/auth_service.go:30.16,32.3 1 0
financial-data-aggregator-backend/internal/service/auth_service.go:34.2,34.12 1 0
financial-data-aggregator-backend/internal/service/auth_service.go:34.12,36.3 1 0
financial-data-aggregator-backend/internal/service/auth_service.go:38.2,39.16 2 0
financial-data-aggregator-backend/internal/service/auth_service.go:39.16,41.3 1 0
financial-data-aggregator-backend/internal/service/auth_service.go:43.2,50.44 2 0
financial-data-aggregator-backend/internal/service/auth_service.go:50.44,52.3 1 0
financial-data-aggregator-backend/internal/service/auth_service.go:54.2,54.18 1 0
financial-data-aggregator-backend/internal/service/auth_service.go:57.69,59.16 2 0
financial-data-aggregator-backend/internal/service/auth_service.go:59.16,61.3 1 0
financial-data-aggregator-backend/internal/service/auth_service.go:63.2,63.99 1 0
financial-data-aggregator-backend/internal/service/auth_service.go:63.99,65.3 1 0
financial-data-aggregator-backend/internal/service/auth_service.go:70.2,76.45 3 0
financial-data-aggregator-backend/internal/service/portfolio_service.go:20.80,22.2 1 0
financial-data-aggregator-backend/internal/service/portfolio_service.go:24.81,26.16 2 0
financial-data-aggregator-backend/internal/service/portfolio_service.go:26.16,28.3 1 0
financial-data-aggregator-backend/internal/service/portfolio_service.go:30.2,37.32 2 0
financial-data-aggregator-backend/internal/service/portfolio_service.go:40.68,42.16 2 0
financial-data-aggregator-backend/internal/service/portfolio_service.go:42.16,44.3 1 0
financial-data-aggregator-backend/internal/service/portfolio_service.go:46.2,47.16 2 0
financial-data-aggregator-backend/internal/service/portfolio_service.go:47.16,49.3 1 0
financial-data-aggregator-backend/internal/service/portfolio_service.go:51.2,51.46 1 0
financial-data-aggregator-backend/internal/service/user_service.go:16.65,18.2 1 0
financial-data-aggregator-backend/internal/service/user_service.go:20.71,22.2 1 0
financial-data-aggregator-backend/cmd/api/main.go:15.13,26.16 8 0
financial-data-aggregator-backend/cmd/api/main.go:26.16,28.3 1 0
financial-data-aggregator-backend/cmd/api/main.go:30.2,33.16 3 0
financial-data-aggregator-backend/cmd/api/main.go:33.16,35.3 1 0
financial-data-aggregator-backend/cmd/api/main.go:37.2,39.19 2 0
financial-data-aggregator-backend/internal/config/config.go:27.37,30.2 1 0
financial-data-aggregator-backend/internal/config/config.go:32.49,34.2 1 0
financial-data-aggregator-backend/internal/config/config.go:36.27,55.2 3 0
financial-data-aggregator-backend/internal/handlers/handlers.go:18.66,41.2 12 0
financial-data-aggregator-backend/internal/handlers/handlers.go:41.2,43.3 2 0
financial-data-aggregator-backend/internal/handlers/handlers.go:43.3,46.4 2 0
financial-data-aggregator-backend/internal/handlers/handlers.go:48.3,49.3 2 0
financial-data-aggregator-backend/internal/handlers/handlers.go:49.3,53.4 3 0
financial-data-aggregator-backend/internal/handlers/handlers.go:53.4,56.5 2 0
financial-data-aggregator-backend/internal/handlers/handlers.go:59.3,60.3 2 0
financial-data-aggregator-backend/internal/handlers/handlers.go:60.3,62.4 1 0
financial-data-aggregator-backend/internal/handlers/auth/auth.go:32.59,36.2 1 1
financial-data-aggregator-backend/internal/handlers/auth/auth.go:38.46,41.51 2 1
financial-data-aggregator-backend/internal/handlers/auth/auth.go:41.51,44.3 2 1
financial-data-aggregator-backend/internal/handlers/auth/auth.go:46.2,47.16 2 1
financial-data-aggregator-backend/internal/handlers/auth/auth.go:47.16,50.3 2 0
financial-data-aggregator-backend/internal/handlers/auth/auth.go:52.2,52.51 1 1
financial-data-aggregator-backend/internal/handlers/auth/auth.go:55.43,58.51 2 1
financial-data-aggregator-backend/internal/handlers/auth/auth.go:58.51,61.3 2 0
financial-data-aggregator-backend/internal/handlers/auth/auth.go:63.2,64.16 2 1
financial-data-aggregator-backend/internal/handlers/auth/auth.go:64.16,67.3 2 0
financial-data-aggregator-backend/internal/handlers/auth/auth.go:69.2,69.54 1 1
financial-data-aggregator-backend/internal/handlers/health/health.go:14.39,18.2 1 0
financial-data-aggregator-backend/internal/handlers/health/health.go:20.45,22.16 2 0
financial-data-aggregator-backend/internal/handlers/health/health.go:22.16,25.3 2 0
financial-data-aggregator-backend/internal/handlers/health/health.go:27.2,28.16 2 0
financial-data-aggregator-backend/internal/handlers/health/health.go:28.16,31.3 2 0
financial-data-aggregator-backend/internal/handlers/health/health.go:33.2,33.48 1 0
financial-data-aggregator-backend/internal/handlers/portfolio/portfolio_handler.go:20.69,22.2 1 0
financial-data-aggregator-backend/internal/handlers/portfolio/portfolio_handler.go:24.54,26.13 2 0
financial-data-aggregator-backend/internal/handlers/portfolio/portfolio_handler.go:26.13,29.3 2 0
financial-data-aggregator-backend/internal/handlers/portfolio/portfolio_handler.go:31.2,32.54 2 0
financial-data-aggregator-backend/internal/handlers/portfolio/portfolio_handler.go:32.54,35.3 2 0
financial-data-aggregator-backend/internal/handlers/portfolio/portfolio_handler.go:36.2,39.16 3 0
financial-data-aggregator-backend/internal/handlers/portfolio/portfolio_handler.go:39.16,42.3 2 0
financial-data-aggregator-backend/internal/handlers/portfolio/portfolio_handler.go:44.2,44.70 1 0
financial-data-aggregator-backend/internal/handlers/portfolio/portfolio_handler.go:47.57,49.13 2 0
financial-data-aggregator-backend/internal/handlers/portfolio/portfolio_handler.go:49.13,52.3 2 0
financial-data-aggregator-backend/internal/handlers/portfolio/portfolio_handler.go:54.2,58.16 4 0
financial-data-aggregator-backend/internal/handlers/portfolio/portfolio_handler.go:58.16,61.3 2 0
financial-data-aggregator-backend/internal/handlers/portfolio/portfolio_handler.go:63.2,63.74 1 0
financial-data-aggregator-backend/internal/handlers/user/user_handler.go:15.60,19.2 1 0
financial-data-aggregator-backend/internal/handlers/user/user_handler.go:21.48,23.13 2 0
financial-data-aggregator-backend/internal/handlers/user/user_handler.go:23.13,26.3 2 0
financial-data-aggregator-backend/internal/handlers/user/user_handler.go:28.2,31.16 3 0
financial-data-aggregator-backend/internal/handlers/user/user_handler.go:31.16,33.3 1 0
financial-data-aggregator-backend/internal/handlers/user/user_handler.go:35.2,35.31 1 0
financial-data-aggregator-backend/internal/middleware/auth_middleware.go:12.55,13.30 1 0
financial-data-aggregator-backend/internal/middleware/auth_middleware.go:13.30,16.23 2 0
financial-data-aggregator-backend/internal/middleware/auth_middleware.go:16.23,19.4 2 0
financial-data-aggregator-backend/internal/middleware/auth_middleware.go:21.3,23.46 2 0
financial-data-aggregator-backend/internal/middleware/auth_middleware.go:23.46,26.4 2 0
financial-data-aggregator-backend/internal/middleware/auth_middleware.go:28.3,30.80 2 0
financial-data-aggregator-backend/internal/middleware/auth_middleware.go:30.80,31.55 1 0
financial-data-aggregator-backend/internal/middleware/auth_middleware.go:31.55,33.5 1 0
financial-data-aggregator-backend/internal/middleware/auth_middleware.go:34.4,34.33 1 0
financial-data-aggregator-backend/internal/middleware/auth_middleware.go:37.3,37.33 1 0
financial-data-aggregator-backend/internal/middleware/auth_middleware.go:37.33,40.4 2 0
financial-data-aggregator-backend/internal/middleware/auth_middleware.go:42.3,43.10 2 0
financial-data-aggregator-backend/internal/middleware/auth_middleware.go:43.10,46.4 2 0
financial-data-aggregator-backend/internal/middleware/auth_middleware.go:48.3,48.47 1 0
financial-data-aggregator-backend/internal/middleware/auth_middleware.go:48.47,51.4 2 0
financial-data-aggregator-backend/internal/middleware/auth_middleware.go:51.9,54.4 2 0
financial-data-aggregator-backend/internal/repository/db_tests.go:17.46,30.16 3 0
financial-data-aggregator-backend/internal/repository/db_tests.go:30.16,32.3 1 0
financial-data-aggregator-backend/internal/repository/db_tests.go:34.2,35.16 2 0
financial-data-aggregator-backend/internal/repository/db_tests.go:35.16,37.3 1 0
financial-data-aggregator-backend/internal/repository/db_tests.go:39.2,40.16 2 0
financial-data-aggregator-backend/internal/repository/db_tests.go:40.16,42.3 1 0
financial-data-aggregator-backend/internal/repository/db_tests.go:44.2,45.16 2 0
financial-data-aggregator-backend/internal/repository/db_tests.go:45.16,47.3 1 0
financial-data-aggregator-backend/internal/repository/db_tests.go:49.2,49.20 1 0
financial-data-aggregator-backend/internal/repository/db_tests.go:49.20,50.58 1 0
financial-data-aggregator-backend/internal/repository/db_tests.go:50.58,52.4 1 0
financial-data-aggregator-backend/internal/repository/db_tests.go:55.2,55.20 1 0
financial-data-aggregator-backend/internal/repository/portfolio_repository.go:20.62,22.2 1 0
financial-data-aggregator-backend/internal/repository/portfolio_repository.go:24.73,26.2 1 0
financial-data-aggregator-backend/internal/repository/portfolio_repository.go:28.78,30.25 2 0
financial-data-aggregator-backend/internal/repository/portfolio_repository.go:30.25,32.3 1 0
financial-data-aggregator-backend/internal/repository/portfolio_repository.go:34.2,34.30 1 0
financial-data-aggregator-backend/internal/repository/portfolio_repository.go:34.30,36.3 1 0
financial-data-aggregator-backend/internal/repository/portfolio_repository.go:38.2,38.12 1 0
financial-data-aggregator-backend/internal/repository/user_repository.go:20.52,22.2 1 0
financial-data-aggregator-backend/internal/repository/user_repository.go:24.58,26.2 1 0
financial-data-aggregator-backend/internal/repository/user_repository.go:28.74,32.2 3 0
financial-data-aggregator-backend/internal/repository/user_repository.go:34.66,38.2 3 0
financial-data-aggregator-backend/internal/repository/user_repository.go:40.68,44.2 3 0
financial-data-aggregator-backend/internal/service/auth_service.go:24.80,26.2 1 0
financial-data-aggregator-backend/internal/service/auth_service.go:28.84,30.16 2 0
financial-data-aggregator-backend/internal/service/auth_service.go:30.16,32.3 1 0
financial-data-aggregator-backend/internal/service/auth_service.go:34.2,34.12 1 0
financial-data-aggregator-backend/internal/service/auth_service.go:34.12,36.3 1 0
financial-data-aggregator-backend/internal/service/auth_service.go:38.2,39.16 2 0
financial-data-aggregator-backend/internal/service/auth_service.go:39.16,41.3 1 0
financial-data-aggregator-backend/internal/service/auth_service.go:43.2,50.44 2 0
financial-data-aggregator-backend/internal/service/auth_service.go:50.44,52.3 1 0
financial-data-aggregator-backend/internal/service/auth_service.go:54.2,54.18 1 0
financial-data-aggregator-backend/internal/service/auth_service.go:57.69,59.16 2 0
financial-data-aggregator-backend/internal/service/auth_service.go:59.16,61.3 1 0
financial-data-aggregator-backend/internal/service/auth_service.go:63.2,63.99 1 0
financial-data-aggregator-backend/internal/service/auth_service.go:63.99,65.3 1 0
financial-data-aggregator-backend/internal/service/auth_service.go:70.2,76.45 3 0
financial-data-aggregator-backend/internal/service/portfolio_service.go:20.80,22.2 1 0
financial-data-aggregator-backend/internal/service/portfolio_service.go:24.81,26.16 2 0
financial-data-aggregator-backend/internal/service/portfolio_service.go:26.16,28.3 1 0
financial-data-aggregator-backend/internal/service/portfolio_service.go:30.2,37.32 2 0
financial-data-aggregator-backend/internal/service/portfolio_service.go:40.68,42.16 2 0
financial-data-aggregator-backend/internal/service/portfolio_service.go:42.16,44.3 1 0
financial-data-aggregator-backend/internal/service/portfolio_service.go:46.2,47.16 2 0
financial-data-aggregator-backend/internal/service/portfolio_service.go:47.16,49.3 1 0
financial-data-aggregator-backend/internal/service/portfolio_service.go:51.2,51.46 1 0
financial-data-aggregator-backend/internal/service/user_service.go:16.65,18.2 1 0
financial-data-aggregator-backend/internal/service/user_service.go:20.71,22.2 1 0
financial-data-aggregator-backend/cmd/api/main.go:15.13,26.16 8 0
financial-data-aggregator-backend/cmd/api/main.go:26.16,28.3 1 0
financial-data-aggregator-backend/cmd/api/main.go:30.2,33.16 3 0
financial-data-aggregator-backend/cmd/api/main.go:33.16,35.3 1 0
financial-data-aggregator-backend/cmd/api/main.go:37.2,39.19 2 0
financial-data-aggregator-backend/internal/config/config.go:27.37,30.2 1 0
financial-data-aggregator-backend/internal/config/config.go:32.49,34.2 1 0
financial-data-aggregator-backend/internal/config/config.go:36.27,55.2 3 0
financial-data-aggregator-backend/internal/handlers/handlers.go:18.66,41.2 12 0
financial-data-aggregator-backend/internal/handlers/handlers.go:41.2,43.3 2 0
financial-data-aggregator-backend/internal/handlers/handlers.go:43.3,46.4 2 0
financial-data-aggregator-backend/internal/handlers/handlers.go:48.3,49.3 2 0
financial-data-aggregator-backend/internal/handlers/handlers.go:49.3,53.4 3 0
financial-data-aggregator-backend/internal/handlers/handlers.go:53.4,56.5 2 0
financial-data-aggregator-backend/internal/handlers/handlers.go:59.3,60.3 2 0
financial-data-aggregator-backend/internal/handlers/handlers.go:60.3,62.4 1 0
financial-data-aggregator-backend/internal/handlers/auth/auth.go:32.59,36.2 1 0
financial-data-aggregator-backend/internal/handlers/auth/auth.go:38.46,41.51 2 0
financial-data-aggregator-backend/internal/handlers/auth/auth.go:41.51,44.3 2 0
financial-data-aggregator-backend/internal/handlers/auth/auth.go:46.2,47.16 2 0
financial-data-aggregator-backend/internal/handlers/auth/auth.go:47.16,50.3 2 0
financial-data-aggregator-backend/internal/handlers/auth/auth.go:52.2,52.51 1 0
financial-data-aggregator-backend/internal/handlers/auth/auth.go:55.43,58.51 2 0
financial-data-aggregator-backend/internal/handlers/auth/auth.go:58.51,61.3 2 0
financial-data-aggregator-backend/internal/handlers/auth/auth.go:63.2,64.16 2 0
financial-data-aggregator-backend/internal/handlers/auth/auth.go:64.16,67.3 2 0
financial-data-aggregator-backend/internal/handlers/auth/auth.go:69.2,69.54 1 0
financial-data-aggregator-backend/internal/handlers/health/health.go:14.39,18.2 1 0
financial-data-aggregator-backend/internal/handlers/health/health.go:20.45,22.16 2 0
financial-data-aggregator-backend/internal/handlers/health/health.go:22.16,25.3 2 0
financial-data-aggregator-backend/internal/handlers/health/health.go:27.2,28.16 2 0
financial-data-aggregator-backend/internal/handlers/health/health.go:28.16,31.3 2 0
financial-data-aggregator-backend/internal/handlers/health/health.go:33.2,33.48 1 0
financial-data-aggregator-backend/internal/handlers/portfolio/portfolio_handler.go:20.69,22.2 1 1
financial-data-aggregator-backend/internal/handlers/portfolio/portfolio_handler.go:24.54,26.13 2 1
financial-data-aggregator-backend/internal/handlers/portfolio/portfolio_handler.go:26.13,29.3 2 0
financial-data-aggregator-backend/internal/handlers/portfolio/portfolio_handler.go:31.2,32.54 2 1
financial-data-aggregator-backend/internal/handlers/portfolio/portfolio_handler.go:32.54,35.3 2 0
financial-data-aggregator-backend/internal/handlers/portfolio/portfolio_handler.go:36.2,39.16 3 1
financial-data-aggregator-backend/internal/handlers/portfolio/portfolio_handler.go:39.16,42.3 2 0
financial-data-aggregator-backend/internal/handlers/portfolio/portfolio_handler.go:44.2,44.70 1 1
financial-data-aggregator-backend/internal/handlers/portfolio/portfolio_handler.go:47.57,49.13 2 1
financial-data-aggregator-backend/internal/handlers/portfolio/portfolio_handler.go:49.13,52.3 2 0
financial-data-aggregator-backend/internal/handlers/portfolio/portfolio_handler.go:54.2,58.16 4 1
financial-data-aggregator-backend/internal/handlers/portfolio/portfolio_handler.go:58.16,61.3 2 0
financial-data-aggregator-backend/internal/handlers/portfolio/portfolio_handler.go:63.2,63.74 1 1
financial-data-aggregator-backend/internal/handlers/user/user_handler.go:15.60,19.2 1 0
financial-data-aggregator-backend/internal/handlers/user/user_handler.go:21.48,23.13 2 0
financial-data-aggregator-backend/internal/handlers/user/user_handler.go:23.13,26.3 2 0
financial-data-aggregator-backend/internal/handlers/user/user_handler.go:28.2,31.16 3 0
financial-data-aggregator-backend/internal/handlers/user/user_handler.go:31.16,33.3 1 0
financial-data-aggregator-backend/internal/handlers/user/user_handler.go:35.2,35.31 1 0
financial-data-aggregator-backend/internal/middleware/auth_middleware.go:12.55,13.30 1 0
financial-data-aggregator-backend/internal/middleware/auth_middleware.go:13.30,16.23 2 0
financial-data-aggregator-backend/internal/middleware/auth_middleware.go:16.23,19.4 2 0
financial-data-aggregator-backend/internal/middleware/auth_middleware.go:21.3,23.46 2 0
financial-data-aggregator-backend/internal/middleware/auth_middleware.go:23.46,26.4 2 0
financial-data-aggregator-backend/internal/middleware/auth_middleware.go:28.3,30.80 2 0
financial-data-aggregator-backend/internal/middleware/auth_middleware.go:30.80,31.55 1 0
financial-data-aggregator-backend/internal/middleware/auth_middleware.go:31.55,33.5 1 0
financial-data-aggregator-backend/internal/middleware/auth_middleware.go:34.4,34.33 1 0
financial-data-aggregator-backend/internal/middleware/auth_middleware.go:37.3,37.33 1 0
financial-data-aggregator-backend/internal/middleware/auth_middleware.go:37.33,40.4 2 0
financial-data-aggregator-backend/internal/middleware/auth_middleware.go:42.3,43.10 2 0
financial-data-aggregator-backend/internal/middleware/auth_middleware.go:43.10,46.4 2 0
financial-data-aggregator-backend/internal/middleware/auth_middleware.go:48.3,48.47 1 0
financial-data-aggregator-backend/internal/middleware/auth_middleware.go:48.47,51.4 2 0
financial-data-aggregator-backend/internal/middleware/auth_middleware.go:51.9,54.4 2 0
financial-data-aggregator-backend/internal/repository/db_tests.go:17.46,30.16 3 0
financial-data-aggregator-backend/internal/repository/db_tests.go:30.16,32.3 1 0
financial-data-aggregator-backend/internal/repository/db_tests.go:34.2,35.16 2 0
financial-data-aggregator-backend/internal/repository/db_tests.go:35.16,37.3 1 0
financial-data-aggregator-backend/internal/repository/db_tests.go:39.2,40.16 2 0
financial-data-aggregator-backend/internal/repository/db_tests.go:40.16,42.3 1 0
financial-data-aggregator-backend/internal/repository/db_tests.go:44.2,45.16 2 0
financial-data-aggregator-backend/internal/repository/db_tests.go:45.16,47.3 1 0
financial-data-aggregator-backend/internal/repository/db_tests.go:49.2,49.20 1 0
financial-data-aggregator-backend/internal/repository/db_tests.go:49.20,50.58 1 0
financial-data-aggregator-backend/internal/repository/db_tests.go:50.58,52.4 1 0
financial-data-aggregator-backend/internal/repository/db_tests.go:55.2,55.20 1 0
financial-data-aggregator-backend/internal/repository/portfolio_repository.go:20.62,22.2 1 0
financial-data-aggregator-backend/internal/repository/portfolio_repository.go:24.73,26.2 1 0
financial-data-aggregator-backend/internal/repository/portfolio_repository.go:28.78,30.25 2 0
financial-data-aggregator-backend/internal/repository/portfolio_repository.go:30.25,32.3 1 0
financial-data-aggregator-backend/internal/repository/portfolio_repository.go:34.2,34.30 1 0
financial-data-aggregator-backend/internal/repository/portfolio_repository.go:34.30,36.3 1 0
financial-data-aggregator-backend/internal/repository/portfolio_repository.go:38.2,38.12 1 0
financial-data-aggregator-backend/internal/repository/user_repository.go:20.52,22.2 1 0
financial-data-aggregator-backend/internal/repository/user_repository.go:24.58,26.2 1 0
financial-data-aggregator-backend/internal/repository/user_repository.go:28.74,32.2 3 0
financial-data-aggregator-backend/internal/repository/user_repository.go:34.66,38.2 3 0
financial-data-aggregator-backend/internal/repository/user_repository.go:40.68,44.2 3 0
financial-data-aggregator-backend/internal/service/auth_service.go:24.80,26.2 1 0
financial-data-aggregator-backend/internal/service/auth_service.go:28.84,30.16 2 0
financial-data-aggregator-backend/internal/service/auth_service.go:30.16,32.3 1 0
financial-data-aggregator-backend/internal/service/auth_service.go:34.2,34.12 1 0
financial-data-aggregator-backend/internal/service/auth_service.go:34.12,36.3 1 0
financial-data-aggregator-backend/internal/service/auth_service.go:38.2,39.16 2 0
financial-data-aggregator-backend/internal/service/auth_service.go:39.16,41.3 1 0
financial-data-aggregator-backend/internal/service/auth_service.go:43.2,50.44 2 0
financial-data-aggregator-backend/internal/service/auth_service.go:50.44,52.3 1 0
financial-data-aggregator-backend/internal/service/auth_service.go:54.2,54.18 1 0
financial-data-aggregator-backend/internal/service/auth_service.go:57.69,59.16 2 0
financial-data-aggregator-backend/internal/service/auth_service.go:59.16,61.3 1 0
financial-data-aggregator-backend/internal/service/auth_service.go:63.2,63.99 1 0
financial-data-aggregator-backend/internal/service/auth_service.go:63.99,65.3 1 0
financial-data-aggregator-backend/internal/service/auth_service.go:70.2,76.45 3 0
financial-data-aggregator-backend/internal/service/portfolio_service.go:20.80,22.2 1 0
financial-data-aggregator-backend/internal/service/portfolio_service.go:24.81,26.16 2 0
financial-data-aggregator-backend/internal/service/portfolio_service.go:26.16,28.3 1 0
financial-data-aggregator-backend/internal/service/portfolio_service.go:30.2,37.32 2 0
financial-data-aggregator-backend/internal/service/portfolio_service.go:40.68,42.16 2 0
financial-data-aggregator-backend/internal/service/portfolio_service.go:42.16,44.3 1 0
financial-data-aggregator-backend/internal/service/portfolio_service.go:46.2,47.16 2 0
financial-data-aggregator-backend/internal/service/portfolio_service.go:47.16,49.3 1 0
financial-data-aggregator-backend/internal/service/portfolio_service.go:51.2,51.46 1 0
financial-data-aggregator-backend/internal/service/user_service.go:16.65,18.2 1 0
financial-data-aggregator-backend/internal/service/user_service.go:20.71,22.2 1 0
financial-data-aggregator-backend/internal/handlers/health/health.go:14.39,18.2 1 0
financial-data-aggregator-backend/internal/handlers/health/health.go:20.45,22.16 2 0
financial-data-aggregator-backend/internal/handlers/health/health.go:22.16,25.3 2 0
financial-data-aggregator-backend/internal/handlers/health/health.go:27.2,28.16 2 0
financial-data-aggregator-backend/internal/handlers/health/health.go:28.16,31.3 2 0
financial-data-aggregator-backend/internal/handlers/health/health.go:33.2,33.48 1 0
financial-data-aggregator-backend/cmd/api/main.go:15.13,26.16 8 0
financial-data-aggregator-backend/cmd/api/main.go:26.16,28.3 1 0
financial-data-aggregator-backend/cmd/api/main.go:30.2,33.16 3 0
financial-data-aggregator-backend/cmd/api/main.go:33.16,35.3 1 0
financial-data-aggregator-backend/cmd/api/main.go:37.2,39.19 2 0
financial-data-aggregator-backend/internal/config/config.go:27.37,30.2 1 0
financial-data-aggregator-backend/internal/config/config.go:32.49,34.2 1 0
financial-data-aggregator-backend/internal/config/config.go:36.27,55.2 3 0
financial-data-aggregator-backend/internal/handlers/handlers.go:18.66,41.2 12 0
financial-data-aggregator-backend/internal/handlers/handlers.go:41.2,43.3 2 0
financial-data-aggregator-backend/internal/handlers/handlers.go:43.3,46.4 2 0
financial-data-aggregator-backend/internal/handlers/handlers.go:48.3,49.3 2 0
financial-data-aggregator-backend/internal/handlers/handlers.go:49.3,53.4 3 0
financial-data-aggregator-backend/internal/handlers/handlers.go:53.4,56.5 2 0
financial-data-aggregator-backend/internal/handlers/handlers.go:59.3,60.3 2 0
financial-data-aggregator-backend/internal/handlers/handlers.go:60.3,62.4 1 0
financial-data-aggregator-backend/internal/handlers/auth/auth.go:32.59,36.2 1 0
financial-data-aggregator-backend/internal/handlers/auth/auth.go:38.46,41.51 2 0
financial-data-aggregator-backend/internal/handlers/auth/auth.go:41.51,44.3 2 0
financial-data-aggregator-backend/internal/handlers/auth/auth.go:46.2,47.16 2 0
financial-data-aggregator-backend/internal/handlers/auth/auth.go:47.16,50.3 2 0
financial-data-aggregator-backend/internal/handlers/auth/auth.go:52.2,52.51 1 0
financial-data-aggregator-backend/internal/handlers/auth/auth.go:55.43,58.51 2 0
financial-data-aggregator-backend/internal/handlers/auth/auth.go:58.51,61.3 2 0
financial-data-aggregator-backend/internal/handlers/auth/auth.go:63.2,64.16 2 0
financial-data-aggregator-backend/internal/handlers/auth/auth.go:64.16,67.3 2 0
financial-data-aggregator-backend/internal/handlers/auth/auth.go:69.2,69.54 1 0
financial-data-aggregator-backend/internal/handlers/health/health.go:14.39,18.2 1 0
financial-data-aggregator-backend/internal/handlers/health/health.go:20.45,22.16 2 0
financial-data-aggregator-backend/internal/handlers/health/health.go:22.16,25.3 2 0
financial-data-aggregator-backend/internal/handlers/health/health.go:27.2,28.16 2 0
financial-data-aggregator-backend/internal/handlers/health/health.go:28.16,31.3 2 0
financial-data-aggregator-backend/internal/handlers/health/health.go:33.2,33.48 1 0
financial-data-aggregator-backend/internal/handlers/portfolio/portfolio_handler.go:20.69,22.2 1 0
financial-data-aggregator-backend/internal/handlers/portfolio/portfolio_handler.go:24.54,26.13 2 0
financial-data-aggregator-backend/internal/handlers/portfolio/portfolio_handler.go:26.13,29.3 2 0
financial-data-aggregator-backend/internal/handlers/portfolio/portfolio_handler.go:31.2,32.54 2 0
financial-data-aggregator-backend/internal/handlers/portfolio/portfolio_handler.go:32.54,35.3 2 0
financial-data-aggregator-backend/internal/handlers/portfolio/portfolio_handler.go:36.2,39.16 3 0
financial-data-aggregator-backend/internal/handlers/portfolio/portfolio_handler.go:39.16,42.3 2 0
financial-data-aggregator-backend/internal/handlers/portfolio/portfolio_handler.go:44.2,44.70 1 0
financial-data-aggregator-backend/internal/handlers/portfolio/portfolio_handler.go:47.57,49.13 2 0
financial-data-aggregator-backend/internal/handlers/portfolio/portfolio_handler.go:49.13,52.3 2 0
financial-data-aggregator-backend/internal/handlers/portfolio/portfolio_handler.go:54.2,58.16 4 0
financial-data-aggregator-backend/internal/handlers/portfolio/portfolio_handler.go:58.16,61.3 2 0
financial-data-aggregator-backend/internal/handlers/portfolio/portfolio_handler.go:63.2,63.74 1 0
financial-data-aggregator-backend/internal/handlers/user/user_handler.go:15.60,19.2 1 0
financial-data-aggregator-backend/internal/handlers/user/user_handler.go:21.48,23.13 2 0
financial-data-aggregator-backend/internal/handlers/user/user_handler.go:23.13,26.3 2 0
financial-data-aggregator-backend/internal/handlers/user/user_handler.go:28.2,31.16 3 0
financial-data-aggregator-backend/internal/handlers/user/user_handler.go:31.16,33.3 1 0
financial-data-aggregator-backend/internal/handlers/user/user_handler.go:35.2,35.31 1 0
financial-data-aggregator-backend/internal/middleware/auth_middleware.go:12.55,13.30 1 0
financial-data-aggregator-backend/internal/middleware/auth_middleware.go:13.30,16.23 2 0
financial-data-aggregator-backend/internal/middleware/auth_middleware.go:16.23,19.4 2 0
financial-data-aggregator-backend/internal/middleware/auth_middleware.go:21.3,23.46 2 0
financial-data-aggregator-backend/internal/middleware/auth_middleware.go:23.46,26.4 2 0
financial-data-aggregator-backend/internal/middleware/auth_middleware.go:28.3,30.80 2 0
financial-data-aggregator-backend/internal/middleware/auth_middleware.go:30.80,31.55 1 0
financial-data-aggregator-backend/internal/middleware/auth_middleware.go:31.55,33.5 1 0
financial-data-aggregator-backend/internal/middleware/auth_middleware.go:34.4,34.33 1 0
financial-data-aggregator-backend/internal/middleware/auth_middleware.go:37.3,37.33 1 0
financial-data-aggregator-backend/internal/middleware/auth_middleware.go:37.33,40.4 2 0
financial-data-aggregator-backend/internal/middleware/auth_middleware.go:42.3,43.10 2 0
financial-data-aggregator-backend/internal/middleware/auth_middleware.go:43.10,46.4 2 0
financial-data-aggregator-backend/internal/middleware/auth_middleware.go:48.3,48.47 1 0
financial-data-aggregator-backend/internal/middleware/auth_middleware.go:48.47,51.4 2 0
financial-data-aggregator-backend/internal/middleware/auth_middleware.go:51.9,54.4 2 0
financial-data-aggregator-backend/internal/repository/db_tests.go:17.46,30.16 3 0
financial-data-aggregator-backend/internal/repository/db_tests.go:30.16,32.3 1 0
financial-data-aggregator-backend/internal/repository/db_tests.go:34.2,35.16 2 0
financial-data-aggregator-backend/internal/repository/db_tests.go:35.16,37.3 1 0
financial-data-aggregator-backend/internal/repository/db_tests.go:39.2,40.16 2 0
financial-data-aggregator-backend/internal/repository/db_tests.go:40.16,42.3 1 0
financial-data-aggregator-backend/internal/repository/db_tests.go:44.2,45.16 2 0
financial-data-aggregator-backend/internal/repository/db_tests.go:45.16,47.3 1 0
financial-data-aggregator-backend/internal/repository/db_tests.go:49.2,49.20 1 0
financial-data-aggregator-backend/internal/repository/db_tests.go:49.20,50.58 1 0
financial-data-aggregator-backend/internal/repository/db_tests.go:50.58,52.4 1 0
financial-data-aggregator-backend/internal/repository/db_tests.go:55.2,55.20 1 0
financial-data-aggregator-backend/internal/repository/portfolio_repository.go:20.62,22.2 1 0
financial-data-aggregator-backend/internal/repository/portfolio_repository.go:24.73,26.2 1 0
financial-data-aggregator-backend/internal/repository/portfolio_repository.go:28.78,30.25 2 0
financial-data-aggregator-backend/internal/repository/portfolio_repository.go:30.25,32.3 1 0
financial-data-aggregator-backend/internal/repository/portfolio_repository.go:34.2,34.30 1 0
financial-data-aggregator-backend/internal/repository/portfolio_repository.go:34.30,36.3 1 0
financial-data-aggregator-backend/internal/repository/portfolio_repository.go:38.2,38.12 1 0
financial-data-aggregator-backend/internal/repository/user_repository.go:20.52,22.2 1 0
financial-data-aggregator-backend/internal/repository/user_repository.go:24.58,26.2 1 0
financial-data-aggregator-backend/internal/repository/user_repository.go:28.74,32.2 3 0
financial-data-aggregator-backend/internal/repository/user_repository.go:34.66,38.2 3 0
financial-data-aggregator-backend/internal/repository/user_repository.go:40.68,44.2 3 0
financial-data-aggregator-backend/internal/service/auth_service.go:24.80,26.2 1 1
financial-data-aggregator-backend/internal/service/auth_service.go:28.84,30.16 2 1
financial-data-aggregator-backend/internal/service/auth_service.go:30.16,32.3 1 0
financial-data-aggregator-backend/internal/service/auth_service.go:34.2,34.12 1 1
financial-data-aggregator-backend/internal/service/auth_service.go:34.12,36.3 1 1
financial-data-aggregator-backend/internal/service/auth_service.go:38.2,39.16 2 1
financial-data-aggregator-backend/internal/service/auth_service.go:39.16,41.3 1 0
financial-data-aggregator-backend/internal/service/auth_service.go:43.2,50.44 2 1
financial-data-aggregator-backend/internal/service/auth_service.go:50.44,52.3 1 0
financial-data-aggregator-backend/internal/service/auth_service.go:54.2,54.18 1 1
financial-data-aggregator-backend/internal/service/auth_service.go:57.69,59.16 2 1
financial-data-aggregator-backend/internal/service/auth_service.go:59.16,61.3 1 0
financial-data-aggregator-backend/internal/service/auth_service.go:63.2,63.99 1 1
financial-data-aggregator-backend/internal/service/auth_service.go:63.99,65.3 1 1
financial-data-aggregator-backend/internal/service/auth_service.go:70.2,76.45 3 1
financial-data-aggregator-backend/internal/service/portfolio_service.go:20.80,22.2 1 1
financial-data-aggregator-backend/internal/service/portfolio_service.go:24.81,26.16 2 1
financial-data-aggregator-backend/internal/service/portfolio_service.go:26.16,28.3 1 1
financial-data-aggregator-backend/internal/service/portfolio_service.go:30.2,37.32 2 1
financial-data-aggregator-backend/internal/service/portfolio_service.go:40.68,42.16 2 1
financial-data-aggregator-backend/internal/service/portfolio_service.go:42.16,44.3 1 1
financial-data-aggregator-backend/internal/service/portfolio_service.go:46.2,47.16 2 1
financial-data-aggregator-backend/internal/service/portfolio_service.go:47.16,49.3 1 0
financial-data-aggregator-backend/internal/service/portfolio_service.go:51.2,51.46 1 1
financial-data-aggregator-backend/internal/service/user_service.go:16.65,18.2 1 1
financial-data-aggregator-backend/internal/service/user_service.go:20.71,22.2 1 1
financial-data-aggregator-backend/cmd/api/main.go:15.13,26.16 8 0
financial-data-aggregator-backend/cmd/api/main.go:26.16,28.3 1 0
financial-data-aggregator-backend/cmd/api/main.go:30.2,33.16 3 0
financial-data-aggregator-backend/cmd/api/main.go:33.16,35.3 1 0
financial-data-aggregator-backend/cmd/api/main.go:37.2,39.19 2 0
financial-data-aggregator-backend/internal/config/config.go:27.37,30.2 1 0
financial-data-aggregator-backend/internal/config/config.go:32.49,34.2 1 0
financial-data-aggregator-backend/internal/config/config.go:36.27,55.2 3 0
financial-data-aggregator-backend/internal/handlers/handlers.go:18.66,41.2 12 0
financial-data-aggregator-backend/internal/handlers/handlers.go:41.2,43.3 2 0
financial-data-aggregator-backend/internal/handlers/handlers.go:43.3,46.4 2 0
financial-data-aggregator-backend/internal/handlers/handlers.go:48.3,49.3 2 0
financial-data-aggregator-backend/internal/handlers/handlers.go:49.3,53.4 3 0
financial-data-aggregator-backend/internal/handlers/handlers.go:53.4,56.5 2 0
financial-data-aggregator-backend/internal/handlers/handlers.go:59.3,60.3 2 0
financial-data-aggregator-backend/internal/handlers/handlers.go:60.3,62.4 1 0
financial-data-aggregator-backend/internal/handlers/auth/auth.go:32.59,36.2 1 0
financial-data-aggregator-backend/internal/handlers/auth/auth.go:38.46,41.51 2 0
financial-data-aggregator-backend/internal/handlers/auth/auth.go:41.51,44.3 2 0
financial-data-aggregator-backend/internal/handlers/auth/auth.go:46.2,47.16 2 0
financial-data-aggregator-backend/internal/handlers/auth/auth.go:47.16,50.3 2 0
financial-data-aggregator-backend/internal/handlers/auth/auth.go:52.2,52.51 1 0
financial-data-aggregator-backend/internal/handlers/auth/auth.go:55.43,58.51 2 0
financial-data-aggregator-backend/internal/handlers/auth/auth.go:58.51,61.3 2 0
financial-data-aggregator-backend/internal/handlers/auth/auth.go:63.2,64.16 2 0
financial-data-aggregator-backend/internal/handlers/auth/auth.go:64.16,67.3 2 0
financial-data-aggregator-backend/internal/handlers/auth/auth.go:69.2,69.54 1 0
financial-data-aggregator-backend/internal/handlers/health/health.go:14.39,18.2 1 0
financial-data-aggregator-backend/internal/handlers/health/health.go:20.45,22.16 2 0
financial-data-aggregator-backend/internal/handlers/health/health.go:22.16,25.3 2 0
financial-data-aggregator-backend/internal/handlers/health/health.go:27.2,28.16 2 0
financial-data-aggregator-backend/internal/handlers/health/health.go:28.16,31.3 2 0
financial-data-aggregator-backend/internal/handlers/health/health.go:33.2,33.48 1 0
financial-data-aggregator-backend/internal/handlers/portfolio/portfolio_handler.go:20.69,22.2 1 0
financial-data-aggregator-backend/internal/handlers/portfolio/portfolio_handler.go:24.54,26.13 2 0
financial-data-aggregator-backend/internal/handlers/portfolio/portfolio_handler.go:26.13,29.3 2 0
financial-data-aggregator-backend/internal/handlers/portfolio/portfolio_handler.go:31.2,32.54 2 0
financial-data-aggregator-backend/internal/handlers/portfolio/portfolio_handler.go:32.54,35.3 2 0
financial-data-aggregator-backend/internal/handlers/portfolio/portfolio_handler.go:36.2,39.16 3 0
financial-data-aggregator-backend/internal/handlers/portfolio/portfolio_handler.go:39.16,42.3 2 0
financial-data-aggregator-backend/internal/handlers/portfolio/portfolio_handler.go:44.2,44.70 1 0
financial-data-aggregator-backend/internal/handlers/portfolio/portfolio_handler.go:47.57,49.13 2 0
financial-data-aggregator-backend/internal/handlers/portfolio/portfolio_handler.go:49.13,52.3 2 0
financial-data-aggregator-backend/internal/handlers/portfolio/portfolio_handler.go:54.2,58.16 4 0
financial-data-aggregator-backend/internal/handlers/portfolio/portfolio_handler.go:58.16,61.3 2 0
financial-data-aggregator-backend/internal/handlers/portfolio/portfolio_handler.go:63.2,63.74 1 0
financial-data-aggregator-backend/internal/handlers/user/user_handler.go:15.60,19.2 1 0
financial-data-aggregator-backend/internal/handlers/user/user_handler.go:21.48,23.13 2 0
financial-data-aggregator-backend/internal/handlers/user/user_handler.go:23.13,26.3 2 0
financial-data-aggregator-backend/internal/handlers/user/user_handler.go:28.2,31.16 3 0
financial-data-aggregator-backend/internal/handlers/user/user_handler.go:31.16,33.3 1 0
financial-data-aggregator-backend/internal/handlers/user/user_handler.go:35.2,35.31 1 0
financial-data-aggregator-backend/internal/middleware/auth_middleware.go:12.55,13.30 1 0
financial-data-aggregator-backend/internal/middleware/auth_middleware.go:13.30,16.23 2 0
financial-data-aggregator-backend/internal/middleware/auth_middleware.go:16.23,19.4 2 0
financial-data-aggregator-backend/internal/middleware/auth_middleware.go:21.3,23.46 2 0
financial-data-aggregator-backend/internal/middleware/auth_middleware.go:23.46,26.4 2 0
financial-data-aggregator-backend/internal/middleware/auth_middleware.go:28.3,30.80 2 0
financial-data-aggregator-backend/internal/middleware/auth_middleware.go:30.80,31.55 1 0
financial-data-aggregator-backend/internal/middleware/auth_middleware.go:31.55,33.5 1 0
financial-data-aggregator-backend/internal/middleware/auth_middleware.go:34.4,34.33 1 0
financial-data-aggregator-backend/internal/middleware/auth_middleware.go:37.3,37.33 1 0
financial-data-aggregator-backend/internal/middleware/auth_middleware.go:37.33,40.4 2 0
financial-data-aggregator-backend/internal/middleware/auth_middleware.go:42.3,43.10 2 0
financial-data-aggregator-backend/internal/middleware/auth_middleware.go:43.10,46.4 2 0
financial-data-aggregator-backend/internal/middleware/auth_middleware.go:48.3,48.47 1 0
financial-data-aggregator-backend/internal/middleware/auth_middleware.go:48.47,51.4 2 0
financial-data-aggregator-backend/internal/middleware/auth_middleware.go:51.9,54.4 2 0
financial-data-aggregator-backend/internal/repository/db_tests.go:17.46,30.16 3 1
financial-data-aggregator-backend/internal/repository/db_tests.go:30.16,32.3 1 0
financial-data-aggregator-backend/internal/repository/db_tests.go:34.2,35.16 2 1
financial-data-aggregator-backend/internal/repository/db_tests.go:35.16,37.3 1 0
financial-data-aggregator-backend/internal/repository/db_tests.go:39.2,40.16 2 1
financial-data-aggregator-backend/internal/repository/db_tests.go:40.16,42.3 1 0
financial-data-aggregator-backend/internal/repository/db_tests.go:44.2,45.16 2 1
financial-data-aggregator-backend/internal/repository/db_tests.go:45.16,47.3 1 0
financial-data-aggregator-backend/internal/repository/db_tests.go:49.2,49.20 1 1
financial-data-aggregator-backend/internal/repository/db_tests.go:49.20,50.58 1 1
financial-data-aggregator-backend/internal/repository/db_tests.go:50.58,52.4 1 0
financial-data-aggregator-backend/internal/repository/db_tests.go:55.2,55.20 1 1
financial-data-aggregator-backend/internal/repository/portfolio_repository.go:20.62,22.2 1 1
financial-data-aggregator-backend/internal/repository/portfolio_repository.go:24.73,26.2 1 1
financial-data-aggregator-backend/internal/repository/portfolio_repository.go:28.78,30.25 2 1
financial-data-aggregator-backend/internal/repository/portfolio_repository.go:30.25,32.3 1 0
financial-data-aggregator-backend/internal/repository/portfolio_repository.go:34.2,34.30 1 1
financial-data-aggregator-backend/internal/repository/portfolio_repository.go:34.30,36.3 1 1
financial-data-aggregator-backend/internal/repository/portfolio_repository.go:38.2,38.12 1 1
financial-data-aggregator-backend/internal/repository/user_repository.go:20.52,22.2 1 1
financial-data-aggregator-backend/internal/repository/user_repository.go:24.58,26.2 1 1
financial-data-aggregator-backend/internal/repository/user_repository.go:28.74,32.2 3 1
financial-data-aggregator-backend/internal/repository/user_repository.go:34.66,38.2 3 1
financial-data-aggregator-backend/internal/repository/user_repository.go:40.68,44.2 3 1
financial-data-aggregator-backend/internal/service/auth_service.go:24.80,26.2 1 0
financial-data-aggregator-backend/internal/service/auth_service.go:28.84,30.16 2 0
financial-data-aggregator-backend/internal/service/auth_service.go:30.16,32.3 1 0
financial-data-aggregator-backend/internal/service/auth_service.go:34.2,34.12 1 0
financial-data-aggregator-backend/internal/service/auth_service.go:34.12,36.3 1 0
financial-data-aggregator-backend/internal/service/auth_service.go:38.2,39.16 2 0
financial-data-aggregator-backend/internal/service/auth_service.go:39.16,41.3 1 0
financial-data-aggregator-backend/internal/service/auth_service.go:43.2,50.44 2 0
financial-data-aggregator-backend/internal/service/auth_service.go:50.44,52.3 1 0
financial-data-aggregator-backend/internal/service/auth_service.go:54.2,54.18 1 0
financial-data-aggregator-backend/internal/service/auth_service.go:57.69,59.16 2 0
financial-data-aggregator-backend/internal/service/auth_service.go:59.16,61.3 1 0
financial-data-aggregator-backend/internal/service/auth_service.go:63.2,63.99 1 0
financial-data-aggregator-backend/internal/service/auth_service.go:63.99,65.3 1 0
financial-data-aggregator-backend/internal/service/auth_service.go:70.2,76.45 3 0
financial-data-aggregator-backend/internal/service/portfolio_service.go:20.80,22.2 1 0
financial-data-aggregator-backend/internal/service/portfolio_service.go:24.81,26.16 2 0
financial-data-aggregator-backend/internal/service/portfolio_service.go:26.16,28.3 1 0
financial-data-aggregator-backend/internal/service/portfolio_service.go:30.2,37.32 2 0
financial-data-aggregator-backend/internal/service/portfolio_service.go:40.68,42.16 2 0
financial-data-aggregator-backend/internal/service/portfolio_service.go:42.16,44.3 1 0
financial-data-aggregator-backend/internal/service/portfolio_service.go:46.2,47.16 2 0
financial-data-aggregator-backend/internal/service/portfolio_service.go:47.16,49.3 1 0
financial-data-aggregator-backend/internal/service/portfolio_service.go:51.2,51.46 1 0
financial-data-aggregator-backend/internal/service/user_service.go:16.65,18.2 1 0
financial-data-aggregator-backend/internal/service/user_service.go:20.71,22.2 1 0
